Generate the report at 2025-02-27T22:05:00, GitVersion: aa25008b3778a76ae1975c839d4cc459f7f7b3b7.
+-------------------+-------------+------------+------------+---------------+-------+-------+-----------+
| Endpoint          | Clock Group | Delay Type | Path Delay | Path Required | CPPR  | Slack | Freq(MHz) |
+-------------------+-------------+------------+------------+---------------+-------+-------+-----------+
| counter/_162_:D   | core_clock  | max        | 0.808r     | 1.969         | 0.000 | 1.160 | 1190.841  |
| counter/_166_:D   | core_clock  | max        | 0.795r     | 1.969         | 0.000 | 1.174 | 1210.169  |
| counter/_166_:D   | core_clock  | max        | 0.785f     | 1.961         | 0.000 | 1.175 | 1212.705  |
| counter/_164_:D   | core_clock  | min        | 0.122f     | 0.002         | 0.000 | 0.120 | NA        |
| keyboard/_1531_:D | core_clock  | min        | 0.125f     | 0.002         | 0.000 | 0.124 | NA        |
| keyboard/_1525_:D | core_clock  | min        | 0.126f     | 0.002         | 0.000 | 0.124 | NA        |
+-------------------+-------------+------------+------------+---------------+-------+-------+-----------+
+------------+------------+-------+
| Clock      | Delay Type | TNS   |
+------------+------------+-------+
| core_clock | max        | 0.000 |
| core_clock | min        | 0.000 |
+------------+------------+-------+
+-------------------------------+--------+-------------+------------+------------+-------------+--------+-----------------+
| Point                         | Fanout | Capacitance | Resistance | Transition | Delta Delay | Incr   | Path            |
+-------------------------------+--------+-------------+------------+------------+-------------+--------+-----------------+
| clock (port)                  |        | 0.119       | 0.000      | 0.000      |             | 0.000  | 0.000r          |
| clock (clock net)             | 125    |             |            |            | NA          |        |                 |
| _387_:CK (DFF_X1)             |        | 0.001       | 0.000      | 0.000      |             | 0.000  | 0.000r          |
| clock core_clock (rise edge)  |        |             |            |            |             | 0      | 0               |
| clock network delay (ideal)   |        |             |            |            |             | 0.000  | 0.000           |
| _387_:CK (DFF_X1)             |        | 0.001       | 0.000      | 0.000      |             | 0.000  | 0.000r          |
| _387_:Q (DFF_X1)              |        | 0.002       | 0.000      | 0.009      |             | 0.086  | 0.086r          |
| data_d1[5] (net)              | 2      |             |            |            | 0.000       |        |                 |
| decoder/_255_:A (BUF_X1)      |        | 0.001       | 0.000      | 0.009      |             | 0.000  | 0.086r          |
| decoder/_255_:Z (BUF_X1)      |        | 0.055       | 0.000      | 0.131      |             | 0.153  | 0.239r          |
| decoder/_017_ (net)           | 4      |             |            |            | 0.000       |        |                 |
| decoder/_246_:A3 (AND4_X1)    |        | 0.001       | 0.000      | 0.131      |             | 0.000  | 0.239r          |
| decoder/_246_:ZN (AND4_X1)    |        | 0.001       | 0.000      | 0.012      |             | 0.075  | 0.314r          |
| decoder/_052_ (net)           | 1      |             |            |            | 0.000       |        |                 |
| decoder/_247_:A1 (AND3_X1)    |        | 0.001       | 0.000      | 0.012      |             | 0.000  | 0.314r          |
| decoder/_247_:ZN (AND3_X1)    |        | 0.003       | 0.000      | 0.015      |             | 0.048  | 0.362r          |
| decoder/_053_ (net)           | 2      |             |            |            | 0.000       |        |                 |
| decoder/_250_:A1 (NOR3_X1)    |        | 0.002       | 0.000      | 0.015      |             | 0.000  | 0.362r          |
| decoder/_250_:ZN (NOR3_X1)    |        | 0.001       | 0.000      | 0.009      |             | 0.009  | 0.371f          |
| decoder/_020_ (net)           | 1      |             |            |            | 0.000       |        |                 |
| decoder/_273_:A (BUF_X1)      |        | 0.001       | 0.000      | 0.009      |             | 0.000  | 0.371f          |
| decoder/_273_:Z (BUF_X1)      |        | 0.002       | 0.000      | 0.006      |             | 0.027  | 0.398f          |
| counter_io_key_release (net)  | 2      |             |            |            | 0.000       |        |                 |
| _326_:A (BUF_X1)              |        | 0.001       | 0.000      | 0.006      |             | 0.000  | 0.398f          |
| _326_:Z (BUF_X1)              |        | 0.003       | 0.000      | 0.008      |             | 0.029  | 0.428f          |
| _055_ (net)                   | 2      |             |            |            | 0.000       |        |                 |
| _286_:A3 (NOR3_X1)            |        | 0.002       | 0.000      | 0.008      |             | 0.000  | 0.428f          |
| _286_:ZN (NOR3_X1)            |        | 0.001       | 0.000      | 0.024      |             | 0.043  | 0.471r          |
| _054_ (net)                   | 1      |             |            |            | 0.000       |        |                 |
| _378_:A (BUF_X1)              |        | 0.001       | 0.000      | 0.024      |             | 0.000  | 0.471r          |
| _378_:Z (BUF_X1)              |        | 0.001       | 0.000      | 0.006      |             | 0.024  | 0.495r          |
| counter_io_key_press (net)    | 1      |             |            |            | 0.000       |        |                 |
| counter/_132_:A (BUF_X1)      |        | 0.001       | 0.000      | 0.006      |             | 0.000  | 0.495r          |
| counter/_132_:Z (BUF_X1)      |        | 0.051       | 0.000      | 0.119      |             | 0.140  | 0.635r          |
| counter/_034_ (net)           | 2      |             |            |            | 0.000       |        |                 |
| counter/_093_:A (INV_X32)     |        | 0.049       | 0.000      | 0.119      |             | 0.000  | 0.635r          |
| counter/_093_:ZN (INV_X32)    |        | 0.006       | 0.000      | 0.019      |             | -0.002 | 0.633f          |
| counter/_052_ (net)           | 1      |             |            |            | 0.000       |        |                 |
| counter/_094_:A1 (NOR2_X4)    |        | 0.007       | 0.000      | 0.019      |             | 0.000  | 0.633f          |
| counter/_094_:ZN (NOR2_X4)    |        | 0.011       | 0.000      | 0.022      |             | 0.033  | 0.666r          |
| counter/_053_ (net)           | 6      |             |            |            | 0.000       |        |                 |
| counter/_123_:A1 (AND3_X4)    |        | 0.003       | 0.000      | 0.022      |             | 0.000  | 0.666r          |
| counter/_123_:ZN (AND3_X4)    |        | 0.006       | 0.000      | 0.011      |             | 0.041  | 0.707r          |
| counter/_076_ (net)           | 4      |             |            |            | 0.000       |        |                 |
| counter/_128_:B1 (AOI21_X1)   |        | 0.002       | 0.000      | 0.011      |             | 0.000  | 0.707r          |
| counter/_128_:ZN (AOI21_X1)   |        | 0.001       | 0.000      | 0.010      |             | 0.015  | 0.722f          |
| counter/_080_ (net)           | 1      |             |            |            | 0.000       |        |                 |
| counter/_129_:A2 (NOR4_X1)    |        | 0.002       | 0.000      | 0.010      |             | 0.000  | 0.722f          |
| counter/_129_:ZN (NOR4_X1)    |        | 0.001       | 0.000      | 0.036      |             | 0.057  | 0.779r          |
| counter/_020_ (net)           | 1      |             |            |            | 0.000       |        |                 |
| counter/_158_:A (BUF_X1)      |        | 0.001       | 0.000      | 0.036      |             | 0.000  | 0.779r          |
| counter/_158_:Z (BUF_X1)      |        | 0.001       | 0.000      | 0.008      |             | 0.030  | 0.808r          |
| counter/_004_ (net)           | 1      |             |            |            | 0.000       |        |                 |
| counter/_162_:D (DFF_X1)      |        | 0.001       | 0.000      | 0.008      |             | 0.000  | 0.808r          |
|                               |        |             |            |            |             |        |                 |
| clock (port)                  |        | 0.119       | 0.000      | 0.000      |             | 0.000  | 0.000r          |
| clock (clock net)             | 125    |             |            |            | NA          |        |                 |
| counter/_162_:CK (DFF_X1)     |        | 0.001       | 0.000      | 0.000      |             | 0.000  | 0.000r          |
| clock core_clock (rise edge)  |        |             |            |            |             | 2      | 2               |
| clock network delay (ideal)   |        |             |            |            |             | 0.000  | 2.000           |
| counter/_162_:CK (DFF_X1)     |        |             |            |            |             |        | 2.000r          |
| library setup time            |        |             |            |            |             | -0.031 | 1.969           |
| clock reconvergence pessimism |        |             |            |            |             | 0.000  | 1.969           |
|                               |        |             |            |            |             |        |                 |
| path cell delay               |        |             |            |            |             |        | 0.808(100.000%) |
| path net delay                |        |             |            |            |             |        | 0.000(0.000%)   |
|                               |        |             |            |            |             |        |                 |
| data require time             |        |             |            |            |             |        | 1.969           |
| data arrival time             |        |             |            |            |             |        | 0.808           |
| slack (MET)                   |        |             |            |            |             |        | 1.160           |
+-------------------------------+--------+-------------+------------+------------+-------------+--------+-----------------+
+-------------------------------+--------+-------------+------------+------------+-------------+--------+-----------------+
| Point                         | Fanout | Capacitance | Resistance | Transition | Delta Delay | Incr   | Path            |
+-------------------------------+--------+-------------+------------+------------+-------------+--------+-----------------+
| clock (port)                  |        | 0.119       | 0.000      | 0.000      |             | 0.000  | 0.000r          |
| clock (clock net)             | 125    |             |            |            | NA          |        |                 |
| _387_:CK (DFF_X1)             |        | 0.001       | 0.000      | 0.000      |             | 0.000  | 0.000r          |
| clock core_clock (rise edge)  |        |             |            |            |             | 0      | 0               |
| clock network delay (ideal)   |        |             |            |            |             | 0.000  | 0.000           |
| _387_:CK (DFF_X1)             |        | 0.001       | 0.000      | 0.000      |             | 0.000  | 0.000r          |
| _387_:Q (DFF_X1)              |        | 0.002       | 0.000      | 0.009      |             | 0.086  | 0.086r          |
| data_d1[5] (net)              | 2      |             |            |            | 0.000       |        |                 |
| decoder/_255_:A (BUF_X1)      |        | 0.001       | 0.000      | 0.009      |             | 0.000  | 0.086r          |
| decoder/_255_:Z (BUF_X1)      |        | 0.055       | 0.000      | 0.131      |             | 0.153  | 0.239r          |
| decoder/_017_ (net)           | 4      |             |            |            | 0.000       |        |                 |
| decoder/_246_:A3 (AND4_X1)    |        | 0.001       | 0.000      | 0.131      |             | 0.000  | 0.239r          |
| decoder/_246_:ZN (AND4_X1)    |        | 0.001       | 0.000      | 0.012      |             | 0.075  | 0.314r          |
| decoder/_052_ (net)           | 1      |             |            |            | 0.000       |        |                 |
| decoder/_247_:A1 (AND3_X1)    |        | 0.001       | 0.000      | 0.012      |             | 0.000  | 0.314r          |
| decoder/_247_:ZN (AND3_X1)    |        | 0.003       | 0.000      | 0.015      |             | 0.048  | 0.362r          |
| decoder/_053_ (net)           | 2      |             |            |            | 0.000       |        |                 |
| decoder/_250_:A1 (NOR3_X1)    |        | 0.002       | 0.000      | 0.015      |             | 0.000  | 0.362r          |
| decoder/_250_:ZN (NOR3_X1)    |        | 0.001       | 0.000      | 0.009      |             | 0.009  | 0.371f          |
| decoder/_020_ (net)           | 1      |             |            |            | 0.000       |        |                 |
| decoder/_273_:A (BUF_X1)      |        | 0.001       | 0.000      | 0.009      |             | 0.000  | 0.371f          |
| decoder/_273_:Z (BUF_X1)      |        | 0.002       | 0.000      | 0.006      |             | 0.027  | 0.398f          |
| counter_io_key_release (net)  | 2      |             |            |            | 0.000       |        |                 |
| _326_:A (BUF_X1)              |        | 0.001       | 0.000      | 0.006      |             | 0.000  | 0.398f          |
| _326_:Z (BUF_X1)              |        | 0.003       | 0.000      | 0.008      |             | 0.029  | 0.428f          |
| _055_ (net)                   | 2      |             |            |            | 0.000       |        |                 |
| _286_:A3 (NOR3_X1)            |        | 0.002       | 0.000      | 0.008      |             | 0.000  | 0.428f          |
| _286_:ZN (NOR3_X1)            |        | 0.001       | 0.000      | 0.024      |             | 0.043  | 0.471r          |
| _054_ (net)                   | 1      |             |            |            | 0.000       |        |                 |
| _378_:A (BUF_X1)              |        | 0.001       | 0.000      | 0.024      |             | 0.000  | 0.471r          |
| _378_:Z (BUF_X1)              |        | 0.001       | 0.000      | 0.006      |             | 0.024  | 0.495r          |
| counter_io_key_press (net)    | 1      |             |            |            | 0.000       |        |                 |
| counter/_132_:A (BUF_X1)      |        | 0.001       | 0.000      | 0.006      |             | 0.000  | 0.495r          |
| counter/_132_:Z (BUF_X1)      |        | 0.051       | 0.000      | 0.119      |             | 0.140  | 0.635r          |
| counter/_034_ (net)           | 2      |             |            |            | 0.000       |        |                 |
| counter/_093_:A (INV_X32)     |        | 0.049       | 0.000      | 0.119      |             | 0.000  | 0.635r          |
| counter/_093_:ZN (INV_X32)    |        | 0.006       | 0.000      | 0.019      |             | -0.002 | 0.633f          |
| counter/_052_ (net)           | 1      |             |            |            | 0.000       |        |                 |
| counter/_094_:A1 (NOR2_X4)    |        | 0.007       | 0.000      | 0.019      |             | 0.000  | 0.633f          |
| counter/_094_:ZN (NOR2_X4)    |        | 0.011       | 0.000      | 0.022      |             | 0.033  | 0.666r          |
| counter/_053_ (net)           | 6      |             |            |            | 0.000       |        |                 |
| counter/_097_:A2 (AND2_X4)    |        | 0.004       | 0.000      | 0.022      |             | 0.000  | 0.666r          |
| counter/_097_:ZN (AND2_X4)    |        | 0.018       | 0.000      | 0.015      |             | 0.041  | 0.707r          |
| counter/_056_ (net)           | 5      |             |            |            | 0.000       |        |                 |
| counter/_115_:A1 (NAND4_X4)   |        | 0.006       | 0.000      | 0.015      |             | 0.000  | 0.707r          |
| counter/_115_:ZN (NAND4_X4)   |        | 0.003       | 0.000      | 0.014      |             | 0.022  | 0.729f          |
| counter/_071_ (net)           | 1      |             |            |            | 0.000       |        |                 |
| counter/_116_:C2 (AOI211_X2)  |        | 0.003       | 0.000      | 0.014      |             | 0.000  | 0.729f          |
| counter/_116_:ZN (AOI211_X2)  |        | 0.001       | 0.000      | 0.028      |             | 0.038  | 0.767r          |
| counter/_024_ (net)           | 1      |             |            |            | 0.000       |        |                 |
| counter/_151_:A (BUF_X1)      |        | 0.001       | 0.000      | 0.028      |             | 0.000  | 0.767r          |
| counter/_151_:Z (BUF_X1)      |        | 0.001       | 0.000      | 0.008      |             | 0.028  | 0.795r          |
| counter/_008_ (net)           | 1      |             |            |            | 0.000       |        |                 |
| counter/_166_:D (DFF_X1)      |        | 0.001       | 0.000      | 0.008      |             | 0.000  | 0.795r          |
|                               |        |             |            |            |             |        |                 |
| clock (port)                  |        | 0.119       | 0.000      | 0.000      |             | 0.000  | 0.000r          |
| clock (clock net)             | 125    |             |            |            | NA          |        |                 |
| counter/_166_:CK (DFF_X1)     |        | 0.001       | 0.000      | 0.000      |             | 0.000  | 0.000r          |
| clock core_clock (rise edge)  |        |             |            |            |             | 2      | 2               |
| clock network delay (ideal)   |        |             |            |            |             | 0.000  | 2.000           |
| counter/_166_:CK (DFF_X1)     |        |             |            |            |             |        | 2.000r          |
| library setup time            |        |             |            |            |             | -0.031 | 1.969           |
| clock reconvergence pessimism |        |             |            |            |             | 0.000  | 1.969           |
|                               |        |             |            |            |             |        |                 |
| path cell delay               |        |             |            |            |             |        | 0.795(100.000%) |
| path net delay                |        |             |            |            |             |        | 0.000(0.000%)   |
|                               |        |             |            |            |             |        |                 |
| data require time             |        |             |            |            |             |        | 1.969           |
| data arrival time             |        |             |            |            |             |        | 0.795           |
| slack (MET)                   |        |             |            |            |             |        | 1.174           |
+-------------------------------+--------+-------------+------------+------------+-------------+--------+-----------------+
+-------------------------------+--------+-------------+------------+------------+-------------+--------+-----------------+
| Point                         | Fanout | Capacitance | Resistance | Transition | Delta Delay | Incr   | Path            |
+-------------------------------+--------+-------------+------------+------------+-------------+--------+-----------------+
| clock (port)                  |        | 0.119       | 0.000      | 0.000      |             | 0.000  | 0.000r          |
| clock (clock net)             | 125    |             |            |            | NA          |        |                 |
| _387_:CK (DFF_X1)             |        | 0.001       | 0.000      | 0.000      |             | 0.000  | 0.000r          |
| clock core_clock (rise edge)  |        |             |            |            |             | 0      | 0               |
| clock network delay (ideal)   |        |             |            |            |             | 0.000  | 0.000           |
| _387_:CK (DFF_X1)             |        | 0.001       | 0.000      | 0.000      |             | 0.000  | 0.000r          |
| _387_:Q (DFF_X1)              |        | 0.002       | 0.000      | 0.009      |             | 0.086  | 0.086r          |
| data_d1[5] (net)              | 2      |             |            |            | 0.000       |        |                 |
| decoder/_255_:A (BUF_X1)      |        | 0.001       | 0.000      | 0.009      |             | 0.000  | 0.086r          |
| decoder/_255_:Z (BUF_X1)      |        | 0.055       | 0.000      | 0.131      |             | 0.153  | 0.239r          |
| decoder/_017_ (net)           | 4      |             |            |            | 0.000       |        |                 |
| decoder/_246_:A3 (AND4_X1)    |        | 0.001       | 0.000      | 0.131      |             | 0.000  | 0.239r          |
| decoder/_246_:ZN (AND4_X1)    |        | 0.001       | 0.000      | 0.012      |             | 0.075  | 0.314r          |
| decoder/_052_ (net)           | 1      |             |            |            | 0.000       |        |                 |
| decoder/_247_:A1 (AND3_X1)    |        | 0.001       | 0.000      | 0.012      |             | 0.000  | 0.314r          |
| decoder/_247_:ZN (AND3_X1)    |        | 0.003       | 0.000      | 0.015      |             | 0.048  | 0.362r          |
| decoder/_053_ (net)           | 2      |             |            |            | 0.000       |        |                 |
| decoder/_250_:A1 (NOR3_X1)    |        | 0.002       | 0.000      | 0.015      |             | 0.000  | 0.362r          |
| decoder/_250_:ZN (NOR3_X1)    |        | 0.001       | 0.000      | 0.009      |             | 0.009  | 0.371f          |
| decoder/_020_ (net)           | 1      |             |            |            | 0.000       |        |                 |
| decoder/_273_:A (BUF_X1)      |        | 0.001       | 0.000      | 0.009      |             | 0.000  | 0.371f          |
| decoder/_273_:Z (BUF_X1)      |        | 0.002       | 0.000      | 0.006      |             | 0.027  | 0.398f          |
| counter_io_key_release (net)  | 2      |             |            |            | 0.000       |        |                 |
| _326_:A (BUF_X1)              |        | 0.001       | 0.000      | 0.006      |             | 0.000  | 0.398f          |
| _326_:Z (BUF_X1)              |        | 0.003       | 0.000      | 0.008      |             | 0.029  | 0.428f          |
| _055_ (net)                   | 2      |             |            |            | 0.000       |        |                 |
| _286_:A3 (NOR3_X1)            |        | 0.002       | 0.000      | 0.008      |             | 0.000  | 0.428f          |
| _286_:ZN (NOR3_X1)            |        | 0.001       | 0.000      | 0.024      |             | 0.043  | 0.471r          |
| _054_ (net)                   | 1      |             |            |            | 0.000       |        |                 |
| _378_:A (BUF_X1)              |        | 0.001       | 0.000      | 0.024      |             | 0.000  | 0.471r          |
| _378_:Z (BUF_X1)              |        | 0.001       | 0.000      | 0.006      |             | 0.024  | 0.495r          |
| counter_io_key_press (net)    | 1      |             |            |            | 0.000       |        |                 |
| counter/_132_:A (BUF_X1)      |        | 0.001       | 0.000      | 0.006      |             | 0.000  | 0.495r          |
| counter/_132_:Z (BUF_X1)      |        | 0.051       | 0.000      | 0.119      |             | 0.140  | 0.635r          |
| counter/_034_ (net)           | 2      |             |            |            | 0.000       |        |                 |
| counter/_093_:A (INV_X32)     |        | 0.049       | 0.000      | 0.119      |             | 0.000  | 0.635r          |
| counter/_093_:ZN (INV_X32)    |        | 0.006       | 0.000      | 0.019      |             | -0.002 | 0.633f          |
| counter/_052_ (net)           | 1      |             |            |            | 0.000       |        |                 |
| counter/_094_:A1 (NOR2_X4)    |        | 0.007       | 0.000      | 0.019      |             | 0.000  | 0.633f          |
| counter/_094_:ZN (NOR2_X4)    |        | 0.011       | 0.000      | 0.022      |             | 0.033  | 0.666r          |
| counter/_053_ (net)           | 6      |             |            |            | 0.000       |        |                 |
| counter/_097_:A2 (AND2_X4)    |        | 0.004       | 0.000      | 0.022      |             | 0.000  | 0.666r          |
| counter/_097_:ZN (AND2_X4)    |        | 0.018       | 0.000      | 0.015      |             | 0.041  | 0.707r          |
| counter/_056_ (net)           | 5      |             |            |            | 0.000       |        |                 |
| counter/_098_:A (INV_X4)      |        | 0.006       | 0.000      | 0.015      |             | 0.000  | 0.707r          |
| counter/_098_:ZN (INV_X4)     |        | 0.011       | 0.000      | 0.007      |             | 0.012  | 0.719f          |
| counter/_057_ (net)           | 3      |             |            |            | 0.000       |        |                 |
| counter/_114_:A (AOI21_X4)    |        | 0.006       | 0.000      | 0.007      |             | 0.000  | 0.719f          |
| counter/_114_:ZN (AOI21_X4)   |        | 0.003       | 0.000      | 0.018      |             | 0.026  | 0.745r          |
| counter/_070_ (net)           | 1      |             |            |            | 0.000       |        |                 |
| counter/_116_:B (AOI211_X2)   |        | 0.003       | 0.000      | 0.018      |             | 0.000  | 0.745r          |
| counter/_116_:ZN (AOI211_X2)  |        | 0.001       | 0.000      | 0.007      |             | 0.014  | 0.759f          |
| counter/_024_ (net)           | 1      |             |            |            | 0.000       |        |                 |
| counter/_151_:A (BUF_X1)      |        | 0.001       | 0.000      | 0.007      |             | 0.000  | 0.759f          |
| counter/_151_:Z (BUF_X1)      |        | 0.001       | 0.000      | 0.006      |             | 0.027  | 0.785f          |
| counter/_008_ (net)           | 1      |             |            |            | 0.000       |        |                 |
| counter/_166_:D (DFF_X1)      |        | 0.001       | 0.000      | 0.006      |             | 0.000  | 0.785f          |
|                               |        |             |            |            |             |        |                 |
| clock (port)                  |        | 0.119       | 0.000      | 0.000      |             | 0.000  | 0.000r          |
| clock (clock net)             | 125    |             |            |            | NA          |        |                 |
| counter/_166_:CK (DFF_X1)     |        | 0.001       | 0.000      | 0.000      |             | 0.000  | 0.000r          |
| clock core_clock (rise edge)  |        |             |            |            |             | 2      | 2               |
| clock network delay (ideal)   |        |             |            |            |             | 0.000  | 2.000           |
| counter/_166_:CK (DFF_X1)     |        |             |            |            |             |        | 2.000r          |
| library setup time            |        |             |            |            |             | -0.039 | 1.961           |
| clock reconvergence pessimism |        |             |            |            |             | 0.000  | 1.961           |
|                               |        |             |            |            |             |        |                 |
| path cell delay               |        |             |            |            |             |        | 0.785(100.000%) |
| path net delay                |        |             |            |            |             |        | 0.000(0.000%)   |
|                               |        |             |            |            |             |        |                 |
| data require time             |        |             |            |            |             |        | 1.961           |
| data arrival time             |        |             |            |            |             |        | 0.785           |
| slack (MET)                   |        |             |            |            |             |        | 1.175           |
+-------------------------------+--------+-------------+------------+------------+-------------+--------+-----------------+
+-------------------------------+--------+-------------+------------+------------+-------------+--------+-----------------+
| Point                         | Fanout | Capacitance | Resistance | Transition | Delta Delay | Incr   | Path            |
+-------------------------------+--------+-------------+------------+------------+-------------+--------+-----------------+
| clock (port)                  |        | 0.119       | 0.000      | 0.000      |             | 0.000  | 0.000r          |
| clock (clock net)             | 125    |             |            |            | NA          |        |                 |
| counter/_164_:CK (DFF_X1)     |        | 0.001       | 0.000      | 0.000      |             | 0.000  | 0.000r          |
| clock core_clock (rise edge)  |        |             |            |            |             | 0      | 0               |
| clock network delay (ideal)   |        |             |            |            |             | 0.000  | 0.000           |
| counter/_164_:CK (DFF_X1)     |        | 0.001       | 0.000      | 0.000      |             | 0.000  | 0.000r          |
| counter/_164_:QN (DFF_X1)     |        | 0.001       | 0.000      | 0.008      |             | 0.060  | 0.060r          |
| counter/_010_ (net)           | 1      |             |            |            | 0.000       |        |                 |
| counter/_146_:A (BUF_X1)      |        | 0.001       | 0.000      | 0.008      |             | 0.000  | 0.060r          |
| counter/_146_:Z (BUF_X1)      |        | 0.002       | 0.000      | 0.008      |             | 0.022  | 0.082r          |
| counter/_026_ (net)           | 1      |             |            |            | 0.000       |        |                 |
| counter/_108_:B2 (OAI21_X1)   |        | 0.002       | 0.000      | 0.008      |             | 0.000  | 0.082r          |
| counter/_108_:ZN (OAI21_X1)   |        | 0.001       | 0.000      | 0.007      |             | 0.014  | 0.096f          |
| counter/_022_ (net)           | 1      |             |            |            | 0.000       |        |                 |
| counter/_147_:A (BUF_X1)      |        | 0.001       | 0.000      | 0.007      |             | 0.000  | 0.096f          |
| counter/_147_:Z (BUF_X1)      |        | 0.001       | 0.000      | 0.006      |             | 0.026  | 0.122f          |
| counter/_006_ (net)           | 1      |             |            |            | 0.000       |        |                 |
| counter/_164_:D (DFF_X1)      |        | 0.001       | 0.000      | 0.006      |             | 0.000  | 0.122f          |
|                               |        |             |            |            |             |        |                 |
| clock (port)                  |        | 0.119       | 0.000      | 0.000      |             | 0.000  | 0.000r          |
| clock (clock net)             | 125    |             |            |            | NA          |        |                 |
| counter/_164_:CK (DFF_X1)     |        | 0.001       | 0.000      | 0.000      |             | 0.000  | 0.000r          |
| clock core_clock (rise edge)  |        |             |            |            |             | 0      | 0               |
| clock network delay (ideal)   |        |             |            |            |             | 0.000  | 0.000           |
| counter/_164_:CK (DFF_X1)     |        |             |            |            |             |        | 0.000r          |
| library hold time             |        |             |            |            |             | 0.002  | 0.002           |
| clock reconvergence pessimism |        |             |            |            |             | -0.000 | 0.002           |
|                               |        |             |            |            |             |        |                 |
| path cell delay               |        |             |            |            |             |        | 0.122(100.000%) |
| path net delay                |        |             |            |            |             |        | 0.000(0.000%)   |
|                               |        |             |            |            |             |        |                 |
| data require time             |        |             |            |            |             |        | 0.002           |
| data arrival time             |        |             |            |            |             |        | 0.122           |
| slack (MET)                   |        |             |            |            |             |        | 0.120           |
+-------------------------------+--------+-------------+------------+------------+-------------+--------+-----------------+
+--------------------------------+--------+-------------+------------+------------+-------------+--------+-----------------+
| Point                          | Fanout | Capacitance | Resistance | Transition | Delta Delay | Incr   | Path            |
+--------------------------------+--------+-------------+------------+------------+-------------+--------+-----------------+
| clock (port)                   |        | 0.119       | 0.000      | 0.000      |             | 0.000  | 0.000r          |
| clock (clock net)              | 125    |             |            |            | NA          |        |                 |
| keyboard/_1531_:CK (DFF_X1)    |        | 0.001       | 0.000      | 0.000      |             | 0.000  | 0.000r          |
| clock core_clock (rise edge)   |        |             |            |            |             | 0      | 0               |
| clock network delay (ideal)    |        |             |            |            |             | 0.000  | 0.000           |
| keyboard/_1531_:CK (DFF_X1)    |        | 0.001       | 0.000      | 0.000      |             | 0.000  | 0.000r          |
| keyboard/_1531_:QN (DFF_X1)    |        | 0.001       | 0.000      | 0.008      |             | 0.060  | 0.060r          |
| keyboard/_0091_ (net)          | 1      |             |            |            | 0.000       |        |                 |
| keyboard/_1287_:A (BUF_X1)     |        | 0.001       | 0.000      | 0.008      |             | 0.000  | 0.060r          |
| keyboard/_1287_:Z (BUF_X1)     |        | 0.003       | 0.000      | 0.012      |             | 0.028  | 0.087r          |
| keyboard/_0262_ (net)          | 1      |             |            |            | 0.000       |        |                 |
| keyboard/_0881_:C1 (AOI211_X2) |        | 0.003       | 0.000      | 0.012      |             | 0.000  | 0.087r          |
| keyboard/_0881_:ZN (AOI211_X2) |        | 0.001       | 0.000      | 0.005      |             | 0.013  | 0.100f          |
| keyboard/_0179_ (net)          | 1      |             |            |            | 0.000       |        |                 |
| keyboard/_1288_:A (BUF_X1)     |        | 0.001       | 0.000      | 0.005      |             | 0.000  | 0.100f          |
| keyboard/_1288_:Z (BUF_X1)     |        | 0.001       | 0.000      | 0.006      |             | 0.025  | 0.125f          |
| keyboard/_0010_ (net)          | 1      |             |            |            | 0.000       |        |                 |
| keyboard/_1531_:D (DFF_X1)     |        | 0.001       | 0.000      | 0.006      |             | 0.000  | 0.125f          |
|                                |        |             |            |            |             |        |                 |
| clock (port)                   |        | 0.119       | 0.000      | 0.000      |             | 0.000  | 0.000r          |
| clock (clock net)              | 125    |             |            |            | NA          |        |                 |
| keyboard/_1531_:CK (DFF_X1)    |        | 0.001       | 0.000      | 0.000      |             | 0.000  | 0.000r          |
| clock core_clock (rise edge)   |        |             |            |            |             | 0      | 0               |
| clock network delay (ideal)    |        |             |            |            |             | 0.000  | 0.000           |
| keyboard/_1531_:CK (DFF_X1)    |        |             |            |            |             |        | 0.000r          |
| library hold time              |        |             |            |            |             | 0.002  | 0.002           |
| clock reconvergence pessimism  |        |             |            |            |             | -0.000 | 0.002           |
|                                |        |             |            |            |             |        |                 |
| path cell delay                |        |             |            |            |             |        | 0.125(100.000%) |
| path net delay                 |        |             |            |            |             |        | 0.000(0.000%)   |
|                                |        |             |            |            |             |        |                 |
| data require time              |        |             |            |            |             |        | 0.002           |
| data arrival time              |        |             |            |            |             |        | 0.125           |
| slack (MET)                    |        |             |            |            |             |        | 0.124           |
+--------------------------------+--------+-------------+------------+------------+-------------+--------+-----------------+
+--------------------------------+--------+-------------+------------+------------+-------------+--------+-----------------+
| Point                          | Fanout | Capacitance | Resistance | Transition | Delta Delay | Incr   | Path            |
+--------------------------------+--------+-------------+------------+------------+-------------+--------+-----------------+
| clock (port)                   |        | 0.119       | 0.000      | 0.000      |             | 0.000  | 0.000r          |
| clock (clock net)              | 125    |             |            |            | NA          |        |                 |
| keyboard/_1525_:CK (DFF_X1)    |        | 0.001       | 0.000      | 0.000      |             | 0.000  | 0.000r          |
| clock core_clock (rise edge)   |        |             |            |            |             | 0      | 0               |
| clock network delay (ideal)    |        |             |            |            |             | 0.000  | 0.000           |
| keyboard/_1525_:CK (DFF_X1)    |        | 0.001       | 0.000      | 0.000      |             | 0.000  | 0.000r          |
| keyboard/_1525_:QN (DFF_X1)    |        | 0.001       | 0.000      | 0.008      |             | 0.060  | 0.060r          |
| keyboard/_0094_ (net)          | 1      |             |            |            | 0.000       |        |                 |
| keyboard/_1297_:A (BUF_X1)     |        | 0.001       | 0.000      | 0.008      |             | 0.000  | 0.060r          |
| keyboard/_1297_:Z (BUF_X1)     |        | 0.003       | 0.000      | 0.012      |             | 0.028  | 0.087r          |
| keyboard/_0265_ (net)          | 1      |             |            |            | 0.000       |        |                 |
| keyboard/_0902_:C1 (AOI211_X2) |        | 0.003       | 0.000      | 0.012      |             | 0.000  | 0.087r          |
| keyboard/_0902_:ZN (AOI211_X2) |        | 0.001       | 0.000      | 0.006      |             | 0.013  | 0.100f          |
| keyboard/_0254_ (net)          | 1      |             |            |            | 0.000       |        |                 |
| keyboard/_1298_:A (BUF_X1)     |        | 0.001       | 0.000      | 0.006      |             | 0.000  | 0.100f          |
| keyboard/_1298_:Z (BUF_X1)     |        | 0.001       | 0.000      | 0.006      |             | 0.026  | 0.126f          |
| keyboard/_0085_ (net)          | 1      |             |            |            | 0.000       |        |                 |
| keyboard/_1525_:D (DFF_X1)     |        | 0.001       | 0.000      | 0.006      |             | 0.000  | 0.126f          |
|                                |        |             |            |            |             |        |                 |
| clock (port)                   |        | 0.119       | 0.000      | 0.000      |             | 0.000  | 0.000r          |
| clock (clock net)              | 125    |             |            |            | NA          |        |                 |
| keyboard/_1525_:CK (DFF_X1)    |        | 0.001       | 0.000      | 0.000      |             | 0.000  | 0.000r          |
| clock core_clock (rise edge)   |        |             |            |            |             | 0      | 0               |
| clock network delay (ideal)    |        |             |            |            |             | 0.000  | 0.000           |
| keyboard/_1525_:CK (DFF_X1)    |        |             |            |            |             |        | 0.000r          |
| library hold time              |        |             |            |            |             | 0.002  | 0.002           |
| clock reconvergence pessimism  |        |             |            |            |             | -0.000 | 0.002           |
|                                |        |             |            |            |             |        |                 |
| path cell delay                |        |             |            |            |             |        | 0.126(100.000%) |
| path net delay                 |        |             |            |            |             |        | 0.000(0.000%)   |
|                                |        |             |            |            |             |        |                 |
| data require time              |        |             |            |            |             |        | 0.002           |
| data arrival time              |        |             |            |            |             |        | 0.126           |
| slack (MET)                    |        |             |            |            |             |        | 0.124           |
+--------------------------------+--------+-------------+------------+------------+-------------+--------+-----------------+
