2025.01.14 19:13:47 INFO  Started: Metals version 1.4.2 in folders '/home/yjx/Mystudy/yjx_learn/Learn_scala' for client Visual Studio Code 1.94.2.
2025.01.14 19:13:52 INFO  no build target found for /home/yjx/Mystudy/yjx_learn/Learn_scala/MyPractise/summary/ex1/ex1.scala. Using presentation compiler with project's scala-library version: 3.3.4
2025.01.14 19:13:52 WARN  scala-cli >= 0.1.3 not found in PATH, fetching and starting a JVM-based Scala CLI
2025.01.14 19:13:55 INFO  no build target found for /home/yjx/Mystudy/yjx_learn/Learn_scala/MyPractise/summary/ex1/ex1.scala. Using presentation compiler with project's scala-library version: 3.3.4
2025.01.14 19:13:56 INFO  Running List(/home/yjx/.cache/coursier/arc/https/github.com/adoptium/temurin17-binaries/releases/download/jdk-17.0.13%252B11/OpenJDK17U-jdk_x64_linux_hotspot_17.0.13_11.tar.gz/jdk-17.0.13+11/bin/java, -cp, /home/yjx/.cache/coursier/v1/https/maven.aliyun.com/repository/central/org/virtuslab/scala-cli/cli_3/1.5.4/cli_3-1.5.4.jar:/home/yjx/.cache/coursier/v1/https/maven.aliyun.com/repository/central/com/github/alexarchambault/case-app_3/2.1.0-M29/case-app_3-2.1.0-M29.jar:/home/yjx/.cache/coursier/v1/https/maven.aliyun.com/repository/central/io/get-coursier/coursier-launcher_2.13/2.1.17/coursier-launcher_2.13-2.1.17.jar:/home/yjx/.cache/coursier/v1/https/maven.aliyun.com/repository/central/io/get-coursier/coursier-proxy-setup/2.1.17/coursier-proxy-setup-2.1.17.jar:/home/yjx/.cache/coursier/v1/https/maven.aliyun.com/repository/central/io/get-coursier/publish/publish_2.13/0.1.6/publish_2.13-0.1.6.jar:/home/yjx/.cache/coursier/v1/https/maven.aliyun.com/repository/central/com/google/jimfs/jimfs/1.3.0/jimfs-1.3.0.jar:/home/yjx/.cache/coursier/v1/https/maven.aliyun.com/repository/central/io/get-coursier/jniutils/windows-jni-utils/0.3.3/windows-jni-utils-0.3.3.jar:/home/yjx/.cache/coursier/v1/https/maven.aliyun.com/repository/central/com/github/plokhotnyuk/jsoniter-scala/jsoniter-scala-core_3/2.13.5.2/jsoniter-scala-core_3-2.13.5.2.jar:/home/yjx/.cache/coursier/v1/https/maven.aliyun.com/repository/central/org/virtuslab/scala-cli/libsodiumjni/0.0.4/libsodiumjni-0.0.4.jar:/home/yjx/.cache/coursier/v1/https/maven.aliyun.com/repository/central/org/scalameta/metaconfig-typesafe-config_3/0.13.0/metaconfig-typesafe-config_3-0.13.0.jar:/home/yjx/.cache/coursier/v1/https/maven.aliyun.com/repository/central/ai/kien/python-native-libs_3/0.2.4/python-native-libs_3-0.2.4.jar:/home/yjx/.cache/coursier/v1/https/maven.aliyun.com/repository/central/org/virtuslab/scala-packager_2.13/0.1.29/scala-packager_2.13-0.1.29.jar:/home/yjx/.cache/coursier/v1/https/maven.aliyun.com/repository/central/org/virtuslab/scala-cli-signing/cli_3/0.2.4/cli_3-0.2.4.jar:/home/yjx/.cache/coursier/v1/https/maven.aliyun.com/repository/central/org/slf4j/slf4j-nop/2.0.16/slf4j-nop-2.0.16.jar:/home/yjx/.cache/coursier/v1/https/maven.aliyun.com/repository/central/com/softwaremill/sttp/client3/core_2.13/3.10.1/core_2.13-3.10.1.jar:/home/yjx/.cache/coursier/v1/https/maven.aliyun.com/repository/central/org/scala-lang/scala3-library_3/3.3.4/scala3-library_3-3.3.4.jar:/home/yjx/.cache/coursier/v1/https/maven.aliyun.com/repository/central/org/virtuslab/scala-cli/build-module_3/1.5.4/build-module_3-1.5.4.jar:/home/yjx/.cache/coursier/v1/https/maven.aliyun.com/repository/central/org/virtuslab/scala-cli/config_3/1.5.4/config_3-1.5.4.jar:/home/yjx/.cache/coursier/v1/https/maven.aliyun.com/repository/central/org/virtuslab/scala-cli/scala3-graal_3/1.5.4/scala3-graal_3-1.5.4.jar:/home/yjx/.cache/coursier/v1/https/maven.aliyun.com/repository/central/org/virtuslab/scala-cli/specification-level_3/1.5.4/specification-level_3-1.5.4.jar:/home/yjx/.cache/coursier/v1/https/maven.aliyun.com/repository/central/com/lihaoyi/sourcecode_3/0.4.2/sourcecode_3-0.4.2.jar:/home/yjx/.cache/coursier/v1/https/maven.aliyun.com/repository/central/com/github/alexarchambault/case-app-annotations_3/2.1.0-M29/case-app-annotations_3-2.1.0-M29.jar:/home/yjx/.cache/coursier/v1/https/maven.aliyun.com/repository/central/com/github/alexarchambault/case-app-util_3/2.1.0-M29/case-app-util_3-2.1.0-M29.jar:/home/yjx/.cache/coursier/v1/https/maven.aliyun.com/repository/central/io/github/alexarchambault/scala-cli/tmp/zip-input-stream/0.1.1/zip-input-stream-0.1.1.jar:/home/yjx/.cache/coursier/v1/https/maven.aliyun.com/repository/central/org/scala-lang/scala-library/2.13.15/scala-library-2.13.15.jar:/home/yjx/.cache/coursier/v1/https/maven.aliyun.com/repository/central/io/get-coursier/coursier-cache_2.13/2.1.17/coursier-cache_2.13-2.1.17.jar:/home/yjx/.cache/coursier/v1/https/maven.aliyun.com/repository/central/io/get-coursier/coursier-core_2.13/2.1.17/coursier-core_2.13-2.1.17.jar:/home/yjx/.cache/coursier/v1/https/maven.aliyun.com/repository/central/com/google/guava/guava/33.3.1-jre/guava-33.3.1-jre.jar:/home/yjx/.cache/coursier/v1/https/maven.aliyun.com/repository/central/net/java/dev/jna/jna/5.13.0/jna-5.13.0.jar:/home/yjx/.cache/coursier/v1/https/maven.aliyun.com/repository/central/net/java/dev/jna/jna-platform/5.12.1/jna-platform-5.12.1.jar:/home/yjx/.cache/coursier/v1/https/maven.aliyun.com/repository/central/org/scalameta/metaconfig-core_3/0.13.0/metaconfig-core_3-0.13.0.jar:/home/yjx/.cache/coursier/v1/https/maven.aliyun.com/repository/central/com/typesafe/config/1.4.3/config-1.4.3.jar:/home/yjx/.cache/coursier/v1/https/maven.aliyun.com/repository/central/org/scala-lang/modules/scala-collection-compat_3/2.12.0/scala-collection-compat_3-2.12.0.jar:/home/yjx/.cache/coursier/v1/https/maven.aliyun.com/repository/central/commons-io/commons-io/2.15.1/commons-io-2.15.1.jar:/home/yjx/.cache/coursier/v1/https/maven.aliyun.com/repository/central/com/google/cloud/tools/jib-core/0.22.0/jib-core-0.22.0.jar:/home/yjx/.cache/coursier/v1/https/maven.aliyun.com/repository/central/org/bouncycastle/bcpg-jdk18on/1.78.1/bcpg-jdk18on-1.78.1.jar:/home/yjx/.cache/coursier/v1/https/maven.aliyun.com/repository/central/org/virtuslab/scala-cli-signing/shared_3/0.2.4/shared_3-0.2.4.jar:/home/yjx/.cache/coursier/v1/https/maven.aliyun.com/repository/central/org/slf4j/slf4j-api/2.0.16/slf4j-api-2.0.16.jar:/home/yjx/.cache/coursier/v1/https/maven.aliyun.com/repository/central/com/softwaremill/sttp/model/core_2.13/1.7.11/core_2.13-1.7.11.jar:/home/yjx/.cache/coursier/v1/https/maven.aliyun.com/repository/central/com/softwaremill/sttp/shared/core_2.13/1.3.22/core_2.13-1.3.22.jar:/home/yjx/.cache/coursier/v1/https/maven.aliyun.com/repository/central/com/softwaremill/sttp/shared/ws_2.13/1.3.22/ws_2.13-1.3.22.jar:/home/yjx/.cache/coursier/v1/https/maven.aliyun.com/repository/central/org/ow2/asm/asm/9.7.1/asm-9.7.1.jar:/home/yjx/.cache/coursier/v1/https/maven.aliyun.com/repository/central/org/virtuslab/scala-cli/java-class-name/java-class-name_3/0.1.4/java-class-name_3-0.1.4.jar:/home/yjx/.cache/coursier/v1/https/maven.aliyun.com/repository/central/org/scalameta/semanticdb-shared_2.13.15/4.9.9/semanticdb-shared_2.13.15-4.9.9.jar:/home/yjx/.cache/coursier/v1/https/maven.aliyun.com/repository/central/org/scala-native/test-runner_3/0.5.6/test-runner_3-0.5.6.jar:/home/yjx/.cache/coursier/v1/https/maven.aliyun.com/repository/central/com/lihaoyi/os-lib_3/0.11.3/os-lib_3-0.11.3.jar:/home/yjx/.cache/coursier/v1/https/maven.aliyun.com/repository/central/com/lihaoyi/pprint_3/0.9.0/pprint_3-0.9.0.jar:/home/yjx/.cache/coursier/v1/https/maven.aliyun.com/repository/central/org/scala-js/scalajs-env-nodejs_2.13/1.4.0/scalajs-env-nodejs_2.13-1.4.0.jar:/home/yjx/.cache/coursier/v1/https/maven.aliyun.com/repository/central/org/scala-js/scalajs-sbt-test-adapter_2.13/1.17.0/scalajs-sbt-test-adapter_2.13-1.17.0.jar:/home/yjx/.cache/coursier/v1/https/maven.aliyun.com/repository/central/com/swoval/file-tree-views/2.1.12/file-tree-views-2.1.12.jar:/home/yjx/.cache/coursier/v1/https/maven.aliyun.com/repository/central/org/virtuslab/scala-cli/zip-input-stream/zip-input-stream/0.1.2/zip-input-stream-0.1.2.jar:/home/yjx/.cache/coursier/v1/https/maven.aliyun.com/repository/central/org/virtuslab/scala-cli/options_3/1.5.4/options_3-1.5.4.jar:/home/yjx/.cache/coursier/v1/https/maven.aliyun.com/repository/central/org/virtuslab/scala-cli/directives_3/1.5.4/directives_3-1.5.4.jar:/home/yjx/.cache/coursier/v1/https/maven.aliyun.com/repository/central/org/virtuslab/scala-cli/scala-cli-bsp/1.5.4/scala-cli-bsp-1.5.4.jar:/home/yjx/.cache/coursier/v1/https/maven.aliyun.com/repository/central/org/virtuslab/scala-cli/test-runner_3/1.5.4/test-runner_3-1.5.4.jar:/home/yjx/.cache/coursier/v1/https/maven.aliyun.com/repository/central/org/virtuslab/scala-cli/tasty-lib_3/1.5.4/tasty-lib_3-1.5.4.jar:/home/yjx/.cache/coursier/v1/https/maven.aliyun.com/repository/central/org/codehaus/plexus/plexus-archiver/4.9.2/plexus-archiver-4.9.2.jar:/home/yjx/.cache/coursier/v1/https/maven.aliyun.com/repository/central/org/codehaus/plexus/plexus-container-default/2.1.1/plexus-container-default-2.1.1.jar:/home/yjx/.cache/coursier/v1/https/maven.aliyun.com/repository/central/io/github/alexarchambault/windows-ansi/windows-ansi/0.0.5/windows-ansi-0.0.5.jar:/home/yjx/.cache/coursier/v1/https/maven.aliyun.com/repository/central/io/get-coursier/cache-util/2.1.17/cache-util-2.1.17.jar:/home/yjx/.cache/coursier/v1/https/maven.aliyun.com/repository/central/io/get-coursier/coursier-util_2.13/2.1.17/coursier-util_2.13-2.1.17.jar:/home/yjx/.cache/coursier/v1/https/maven.aliyun.com/repository/central/io/github/alexarchambault/concurrent-reference-hash-map/1.1.0/concurrent-reference-hash-map-1.1.0.jar:/home/yjx/.cache/coursier/v1/https/maven.aliyun.com/repository/central/org/scala-lang/modules/scala-xml_2.13/2.3.0/scala-xml_2.13-2.3.0.jar:/home/yjx/.cache/coursier/v1/https/maven.aliyun.com/repository/central/com/google/guava/failureaccess/1.0.2/failureaccess-1.0.2.jar:/home/yjx/.cache/coursier/v1/https/maven.aliyun.com/repository/central/com/google/guava/listenablefuture/9999.0-empty-to-avoid-conflict-with-guava/listenablefuture-9999.0-empty-to-avoid-conflict-with-guava.jar:/home/yjx/.cache/coursier/v1/https/maven.aliyun.com/repository/central/com/google/code/findbugs/jsr305/3.0.2/jsr305-3.0.2.jar:/home/yjx/.cache/coursier/v1/https/maven.aliyun.com/repository/central/org/checkerframework/checker-qual/3.43.0/checker-qual-3.43.0.jar:/home/yjx/.cache/coursier/v1/https/maven.aliyun.com/repository/central/com/google/errorprone/error_prone_annotations/2.28.0/error_prone_annotations-2.28.0.jar:/home/yjx/.cache/coursier/v1/https/maven.aliyun.com/repository/central/com/google/j2objc/j2objc-annotations/3.0.0/j2objc-annotations-3.0.0.jar:/home/yjx/.cache/coursier/v1/https/maven.aliyun.com/repository/central/org/scalameta/metaconfig-pprint_3/0.13.0/metaconfig-pprint_3-0.13.0.jar:/home/yjx/.cache/coursier/v1/https/maven.aliyun.com/repository/central/org/typelevel/paiges-core_3/0.4.4/paiges-core_3-0.4.4.jar:/home/yjx/.cache/coursier/v1/https/maven.aliyun.com/repository/central/org/scala-lang/scala-reflect/2.13.14/scala-reflect-2.13.14.jar:/home/yjx/.cache/coursier/v1/https/maven.aliyun.com/repository/central/com/google/cloud/tools/jib-build-plan/0.4.0/jib-build-plan-0.4.0.jar:/home/yjx/.cache/coursier/v1/https/maven.aliyun.com/repository/central/com/google/http-client/google-http-client/1.34.0/google-http-client-1.34.0.jar:/home/yjx/.cache/coursier/v1/https/maven.aliyun.com/repository/central/com/google/http-client/google-http-client-apache-v2/1.34.0/google-http-client-apache-v2-1.34.0.jar:/home/yjx/.cache/coursier/v1/https/maven.aliyun.com/repository/central/com/google/auth/google-auth-library-oauth2-http/0.18.0/google-auth-library-oauth2-http-0.18.0.jar:/home/yjx/.cache/coursier/v1/https/maven.aliyun.com/repository/central/org/apache/commons/commons-compress/1.26.1/commons-compress-1.26.1.jar:/home/yjx/.cache/coursier/v1/https/maven.aliyun.com/repository/central/com/fasterxml/jackson/core/jackson-databind/2.13.3/jackson-databind-2.13.3.jar:/home/yjx/.cache/coursier/v1/https/maven.aliyun.com/repository/central/com/fasterxml/jackson/datatype/jackson-datatype-jsr310/2.13.3/jackson-datatype-jsr310-2.13.3.jar:/home/yjx/.cache/coursier/v1/https/maven.aliyun.com/repository/central/org/bouncycastle/bcprov-jdk18on/1.78.1/bcprov-jdk18on-1.78.1.jar:/home/yjx/.cache/coursier/v1/https/maven.aliyun.com/repository/central/org/bouncycastle/bcutil-jdk18on/1.78.1/bcutil-jdk18on-1.78.1.jar:/home/yjx/.cache/coursier/v1/https/maven.aliyun.com/repository/central/org/scala-lang/scala3-compiler_3/3.3.4/scala3-compiler_3-3.3.4.jar:/home/yjx/.cache/coursier/v1/https/maven.aliyun.com/repository/central/org/scalameta/scalameta_2.13/4.9.9/scalameta_2.13-4.9.9.jar:/home/yjx/.cache/coursier/v1/https/maven.aliyun.com/repository/central/com/thesamet/scalapb/scalapb-runtime_2.13/0.11.17/scalapb-runtime_2.13-0.11.17.jar:/home/yjx/.cache/coursier/v1/https/maven.aliyun.com/repository/central/org/scala-native/tools_3/0.5.6/tools_3-0.5.6.jar:/home/yjx/.cache/coursier/v1/https/maven.aliyun.com/repository/central/org/scala-sbt/test-interface/1.0/test-interface-1.0.jar:/home/yjx/.cache/coursier/v1/https/maven.aliyun.com/repository/central/com/github/sbt/junit-interface/0.13.3/junit-interface-0.13.3.jar:/home/yjx/.cache/coursier/v1/https/maven.aliyun.com/repository/central/junit/junit/4.13.2/junit-4.13.2.jar:/home/yjx/.cache/coursier/v1/https/maven.aliyun.com/repository/central/com/lihaoyi/geny_3/1.1.1/geny_3-1.1.1.jar:/home/yjx/.cache/coursier/v1/https/maven.aliyun.com/repository/central/com/lihaoyi/fansi_3/0.5.0/fansi_3-0.5.0.jar:/home/yjx/.cache/coursier/v1/https/maven.aliyun.com/repository/central/org/scala-js/scalajs-js-envs_2.13/1.4.0/scalajs-js-envs_2.13-1.4.0.jar:/home/yjx/.cache/coursier/v1/https/maven.aliyun.com/repository/central/ch/epfl/scala/bloop-config_2.13/2.1.0/bloop-config_2.13-2.1.0.jar:/home/yjx/.cache/coursier/v1/https/maven.aliyun.com/repository/central/org/virtuslab/scala-cli/core_3/1.5.4/core_3-1.5.4.jar:/home/yjx/.cache/coursier/v1/https/maven.aliyun.com/repository/central/org/virtuslab/using_directives/1.1.1/using_directives-1.1.1.jar:/home/yjx/.cache/coursier/v1/https/maven.aliyun.com/repository/central/org/virtuslab/scala-cli/build-macros_3/1.5.4/build-macros_3-1.5.4.jar:/home/yjx/.cache/coursier/v1/https/maven.aliyun.com/repository/central/ch/epfl/scala/bsp4j/2.1.1/bsp4j-2.1.1.jar:/home/yjx/.cache/coursier/v1/https/maven.aliyun.com/repository/central/javax/inject/javax.inject/1/javax.inject-1.jar:/home/yjx/.cache/coursier/v1/https/maven.aliyun.com/repository/central/org/codehaus/plexus/plexus-utils/4.0.0/plexus-utils-4.0.0.jar:/home/yjx/.cache/coursier/v1/https/maven.aliyun.com/repository/central/org/codehaus/plexus/plexus-io/3.4.2/plexus-io-3.4.2.jar:/home/yjx/.cache/coursier/v1/https/maven.aliyun.com/repository/central/commons-codec/commons-codec/1.16.1/commons-codec-1.16.1.jar:/home/yjx/.cache/coursier/v1/https/maven.aliyun.com/repository/central/org/iq80/snappy/snappy/0.4/snappy-0.4.jar:/home/yjx/.cache/coursier/v1/https/maven.aliyun.com/repository/central/org/tukaani/xz/1.9/xz-1.9.jar:/home/yjx/.cache/coursier/v1/https/maven.aliyun.com/repository/central/com/github/luben/zstd-jni/1.5.5-11/zstd-jni-1.5.5-11.jar:/home/yjx/.cache/coursier/v1/https/maven.aliyun.com/repository/central/org/codehaus/plexus/plexus-classworlds/2.6.0/plexus-classworlds-2.6.0.jar:/home/yjx/.cache/coursier/v1/https/maven.aliyun.com/repository/central/org/apache/xbean/xbean-reflect/3.7/xbean-reflect-3.7.jar:/home/yjx/.cache/coursier/v1/https/maven.aliyun.com/repository/central/org/fusesource/jansi/jansi/1.18/jansi-1.18.jar:/home/yjx/.cache/coursier/v1/https/maven.aliyun.com/repository/central/org/apache/httpcomponents/httpclient/4.5.10/httpclient-4.5.10.jar:/home/yjx/.cache/coursier/v1/https/maven.aliyun.com/repository/central/org/apache/httpcomponents/httpcore/4.4.12/httpcore-4.4.12.jar:/home/yjx/.cache/coursier/v1/https/maven.aliyun.com/repository/central/io/opencensus/opencensus-api/0.24.0/opencensus-api-0.24.0.jar:/home/yjx/.cache/coursier/v1/https/maven.aliyun.com/repository/central/io/opencensus/opencensus-contrib-http-util/0.24.0/opencensus-contrib-http-util-0.24.0.jar:/home/yjx/.cache/coursier/v1/https/maven.aliyun.com/repository/central/com/google/auto/value/auto-value-annotations/1.6.6/auto-value-annotations-1.6.6.jar:/home/yjx/.cache/coursier/v1/https/maven.aliyun.com/repository/central/com/google/auth/google-auth-library-credentials/0.18.0/google-auth-library-credentials-0.18.0.jar:/home/yjx/.cache/coursier/v1/https/maven.aliyun.com/repository/central/com/google/http-client/google-http-client-jackson2/1.32.1/google-http-client-jackson2-1.32.1.jar:/home/yjx/.cache/coursier/v1/https/maven.aliyun.com/repository/central/org/apache/commons/commons-lang3/3.14.0/commons-lang3-3.14.0.jar:/home/yjx/.cache/coursier/v1/https/maven.aliyun.com/repository/central/com/fasterxml/jackson/core/jackson-annotations/2.13.3/jackson-annotations-2.13.3.jar:/home/yjx/.cache/coursier/v1/https/maven.aliyun.com/repository/central/com/fasterxml/jackson/core/jackson-core/2.13.3/jackson-core-2.13.3.jar:/home/yjx/.cache/coursier/v1/https/maven.aliyun.com/repository/central/org/scala-lang/scala3-interfaces/3.3.4/scala3-interfaces-3.3.4.jar:/home/yjx/.cache/coursier/v1/https/maven.aliyun.com/repository/central/org/scala-lang/tasty-core_3/3.3.4/tasty-core_3-3.3.4.jar:/home/yjx/.cache/coursier/v1/https/maven.aliyun.com/repository/central/org/scala-lang/modules/scala-asm/9.6.0-scala-1/scala-asm-9.6.0-scala-1.jar:/home/yjx/.cache/coursier/v1/https/maven.aliyun.com/repository/central/org/scala-sbt/compiler-interface/1.9.6/compiler-interface-1.9.6.jar:/home/yjx/.cache/coursier/v1/https/maven.aliyun.com/repository/central/org/scalameta/parsers_2.13/4.9.9/parsers_2.13-4.9.9.jar:/home/yjx/.cache/coursier/v1/https/maven.aliyun.com/repository/central/org/scala-lang/scalap/2.13.11/scalap-2.13.11.jar:/home/yjx/.cache/coursier/v1/https/maven.aliyun.com/repository/central/com/thesamet/scalapb/lenses_2.13/0.11.17/lenses_2.13-0.11.17.jar:/home/yjx/.cache/coursier/v1/https/maven.aliyun.com/repository/central/com/google/protobuf/protobuf-java/3.19.6/protobuf-java-3.19.6.jar:/home/yjx/.cache/coursier/v1/https/maven.aliyun.com/repository/central/org/scala-native/nir_3/0.5.6/nir_3-0.5.6.jar:/home/yjx/.cache/coursier/v1/https/maven.aliyun.com/repository/central/org/scala-native/util_3/0.5.6/util_3-0.5.6.jar:/home/yjx/.cache/coursier/v1/https/maven.aliyun.com/repository/central/org/hamcrest/hamcrest-core/1.3/hamcrest-core-1.3.jar:/home/yjx/.cache/coursier/v1/https/maven.aliyun.com/repository/central/org/scala-js/scalajs-logging_2.13/1.1.1/scalajs-logging_2.13-1.1.1.jar:/home/yjx/.cache/coursier/v1/https/maven.aliyun.com/repository/central/com/lihaoyi/unroll-annotation_2.13/0.1.12/unroll-annotation_2.13-0.1.12.jar:/home/yjx/.cache/coursier/v1/https/maven.aliyun.com/repository/central/ch/epfl/scala/bloop-rifle_2.13/2.0.5/bloop-rifle_2.13-2.0.5.jar:/home/yjx/.cache/coursier/v1/https/maven.aliyun.com/repository/central/io/get-coursier/coursier-jvm_2.13/2.1.17/coursier-jvm_2.13-2.1.17.jar:/home/yjx/.cache/coursier/v1/https/maven.aliyun.com/repository/central/io/get-coursier/dependency_3/0.3.1/dependency_3-0.3.1.jar:/home/yjx/.cache/coursier/v1/https/maven.aliyun.com/repository/central/org/eclipse/jgit/org.eclipse.jgit/6.8.0.202311291450-r/org.eclipse.jgit-6.8.0.202311291450-r.jar:/home/yjx/.cache/coursier/v1/https/maven.aliyun.com/repository/central/org/scala-js/scalajs-env-jsdom-nodejs_2.13/1.1.0/scalajs-env-jsdom-nodejs_2.13-1.1.0.jar:/home/yjx/.cache/coursier/v1/https/maven.aliyun.com/repository/central/org/eclipse/lsp4j/org.eclipse.lsp4j.generator/0.20.1/org.eclipse.lsp4j.generator-0.20.1.jar:/home/yjx/.cache/coursier/v1/https/maven.aliyun.com/repository/central/org/eclipse/lsp4j/org.eclipse.lsp4j.jsonrpc/0.20.1/org.eclipse.lsp4j.jsonrpc-0.20.1.jar:/home/yjx/.cache/coursier/v1/https/maven.aliyun.com/repository/central/commons-logging/commons-logging/1.2/commons-logging-1.2.jar:/home/yjx/.cache/coursier/v1/https/maven.aliyun.com/repository/central/io/grpc/grpc-context/1.22.1/grpc-context-1.22.1.jar:/home/yjx/.cache/coursier/v1/https/maven.aliyun.com/repository/central/org/scala-sbt/util-interface/1.9.8/util-interface-1.9.8.jar:/home/yjx/.cache/coursier/v1/https/maven.aliyun.com/repository/central/org/scalameta/trees_2.13/4.9.9/trees_2.13-4.9.9.jar:/home/yjx/.cache/coursier/v1/https/maven.aliyun.com/repository/central/org/scala-lang/scala-compiler/2.13.11/scala-compiler-2.13.11.jar:/home/yjx/.cache/coursier/v1/https/maven.aliyun.com/repository/central/ch/epfl/scala/libdaemon_2.13/0.0.12/libdaemon_2.13-0.0.12.jar:/home/yjx/.cache/coursier/v1/https/maven.aliyun.com/repository/central/io/github/alexarchambault/scala-cli/snailgun/snailgun-core_2.13/0.4.1-sc2/snailgun-core_2.13-0.4.1-sc2.jar:/home/yjx/.cache/coursier/v1/https/maven.aliyun.com/repository/central/io/get-coursier/coursier_2.13/2.1.17/coursier_2.13-2.1.17.jar:/home/yjx/.cache/coursier/v1/https/maven.aliyun.com/repository/central/io/get-coursier/coursier-env_2.13/2.1.17/coursier-env_2.13-2.1.17.jar:/home/yjx/.cache/coursier/v1/https/maven.aliyun.com/repository/central/com/googlecode/javaewah/JavaEWAH/1.2.3/JavaEWAH-1.2.3.jar:/home/yjx/.cache/coursier/v1/https/maven.aliyun.com/repository/central/org/eclipse/xtend/org.eclipse.xtend.lib/2.28.0/org.eclipse.xtend.lib-2.28.0.jar:/home/yjx/.cache/coursier/v1/https/maven.aliyun.com/repository/central/com/google/code/gson/gson/2.10.1/gson-2.10.1.jar:/home/yjx/.cache/coursier/v1/https/maven.aliyun.com/repository/central/org/scalameta/common_2.13/4.9.9/common_2.13-4.9.9.jar:/home/yjx/.cache/coursier/v1/https/maven.aliyun.com/repository/central/io/github/java-diff-utils/java-diff-utils/4.12/java-diff-utils-4.12.jar:/home/yjx/.cache/coursier/v1/https/maven.aliyun.com/repository/central/org/eclipse/xtext/org.eclipse.xtext.xbase.lib/2.28.0/org.eclipse.xtext.xbase.lib-2.28.0.jar:/home/yjx/.cache/coursier/v1/https/maven.aliyun.com/repository/central/org/eclipse/xtend/org.eclipse.xtend.lib.macro/2.28.0/org.eclipse.xtend.lib.macro-2.28.0.jar, scala.cli.ScalaCli, bsp, /home/yjx/Mystudy/yjx_learn/Learn_scala)
2025.01.14 19:13:56 INFO  tracing is disabled for protocol BSP, to enable tracing of incoming and outgoing JSON messages create an empty file at /home/yjx/Mystudy/yjx_learn/Learn_scala/.metals/bsp.trace.json or /home/yjx/.cache/metals/bsp.trace.json
2025.01.14 19:14:00 INFO  Scala CLI: Starting compilation server
2025.01.14 19:14:02 INFO  Connected to Scala CLI server v1.5.4
2025.01.14 19:14:03 INFO  compiling learn_scala_d5c0a6989e (1 scala source)
2025.01.14 19:14:04 INFO  time: indexed workspace in 2.41s
2025.01.14 19:14:09 INFO  time: compiled Learn_scala_d5c0a6989e in 5.67s
2025.01.14 19:14:09 INFO  Scala CLI started for /home/yjx/Mystudy/yjx_learn/Learn_scala
2025.01.14 19:14:09 WARN  no build tool detected in workspace '/home/yjx/Mystudy/yjx_learn/Learn_scala'. The most common cause for this problem is that the editor was opened in the wrong working directory, for example if you use sbt then the workspace directory should contain build.sbt. 
2025.01.14 19:14:09 WARN  Build server is not auto-connectable.
2025.01.15 09:46:45 INFO  compiling learn_scala_d5c0a6989e (1 scala source)
2025.01.15 09:46:46 INFO  time: compiled Learn_scala_d5c0a6989e in 1.17s
Jan 15, 2025 9:49:32 AM org.eclipse.lsp4j.jsonrpc.RemoteEndpoint handleCancellation
WARNING: Unmatched cancel notification for request id 2446
2025.01.15 09:51:20 INFO  compiling learn_scala_d5c0a6989e (1 scala source)
2025.01.15 09:51:20 INFO  time: compiled Learn_scala_d5c0a6989e in 0.88s
2025.01.15 09:53:39 INFO  compiling learn_scala_d5c0a6989e (1 scala source)
2025.01.15 09:53:39 INFO  time: compiled Learn_scala_d5c0a6989e in 0.4s
2025.01.15 09:53:42 INFO  compiling learn_scala_d5c0a6989e (1 scala source)
2025.01.15 09:53:42 INFO  time: compiled Learn_scala_d5c0a6989e in 0.67s
Jan 15, 2025 10:08:16 AM org.eclipse.lsp4j.jsonrpc.RemoteEndpoint handleCancellation
WARNING: Unmatched cancel notification for request id 4105
2025.01.15 10:09:03 INFO  compiling learn_scala_d5c0a6989e (1 scala source)
2025.01.15 10:09:03 INFO  time: compiled Learn_scala_d5c0a6989e in 0.75s
Jan 15, 2025 10:10:24 AM org.eclipse.lsp4j.jsonrpc.RemoteEndpoint handleCancellation
WARNING: Unmatched cancel notification for request id 5010
2025.01.15 10:11:01 INFO  compiling learn_scala_d5c0a6989e (1 scala source)
2025.01.15 10:11:01 INFO  time: compiled Learn_scala_d5c0a6989e in 0.29s
Jan 15, 2025 10:11:02 AM org.eclipse.lsp4j.jsonrpc.RemoteEndpoint handleCancellation
WARNING: Unmatched cancel notification for request id 5362
2025.01.15 10:11:13 INFO  compiling learn_scala_d5c0a6989e (1 scala source)
2025.01.15 10:11:13 INFO  time: compiled Learn_scala_d5c0a6989e in 0.63s
2025.01.15 10:21:55 INFO  compiling learn_scala_d5c0a6989e (1 scala source)
2025.01.15 10:21:55 INFO  time: compiled Learn_scala_d5c0a6989e in 0.61s
2025.01.15 10:24:53 INFO  compiling learn_scala_d5c0a6989e (1 scala source)
2025.01.15 10:24:53 INFO  time: compiled Learn_scala_d5c0a6989e in 0.63s
2025.01.15 10:26:18 INFO  compiling learn_scala_d5c0a6989e (1 scala source)
2025.01.15 10:26:18 INFO  time: compiled Learn_scala_d5c0a6989e in 0.54s
Jan 15, 2025 10:26:43 AM org.eclipse.lsp4j.jsonrpc.RemoteEndpoint handleCancellation
WARNING: Unmatched cancel notification for request id 7240
2025.01.15 10:26:57 INFO  compiling learn_scala_d5c0a6989e (1 scala source)
2025.01.15 10:26:57 INFO  time: compiled Learn_scala_d5c0a6989e in 0.53s
2025.01.15 10:27:26 INFO  compiling learn_scala_d5c0a6989e (1 scala source)
2025.01.15 10:27:26 INFO  time: compiled Learn_scala_d5c0a6989e in 0.42s
Jan 15, 2025 10:30:29 AM org.eclipse.lsp4j.jsonrpc.RemoteEndpoint handleCancellation
WARNING: Unmatched cancel notification for request id 7504
2025.01.15 10:31:41 INFO  compiling learn_scala_d5c0a6989e (1 scala source)
2025.01.15 10:31:41 INFO  time: compiled Learn_scala_d5c0a6989e in 0.47s
2025.01.15 10:35:00 INFO  compiling learn_scala_d5c0a6989e (1 scala source)
2025.01.15 10:35:00 INFO  time: compiled Learn_scala_d5c0a6989e in 0.48s
Jan 15, 2025 10:53:43 AM org.eclipse.lsp4j.jsonrpc.RemoteEndpoint handleCancellation
WARNING: Unmatched cancel notification for request id 9170
2025.01.15 10:56:45 INFO  compiling learn_scala_d5c0a6989e (1 scala source)
2025.01.15 10:56:45 INFO  time: compiled Learn_scala_d5c0a6989e in 0.47s
Jan 15, 2025 10:57:19 AM org.eclipse.lsp4j.jsonrpc.RemoteEndpoint handleCancellation
WARNING: Unmatched cancel notification for request id 10327
2025.01.15 10:59:05 INFO  compiling learn_scala_d5c0a6989e (1 scala source)
2025.01.15 10:59:05 INFO  time: compiled Learn_scala_d5c0a6989e in 0.44s
2025.01.15 10:59:59 INFO  compiling learn_scala_d5c0a6989e (1 scala source)
2025.01.15 10:59:59 INFO  time: compiled Learn_scala_d5c0a6989e in 0.2s
2025.01.15 11:00:03 INFO  compiling learn_scala_d5c0a6989e (1 scala source)
2025.01.15 11:00:03 INFO  time: compiled Learn_scala_d5c0a6989e in 0.4s
Jan 15, 2025 11:00:24 AM org.eclipse.lsp4j.jsonrpc.RemoteEndpoint handleCancellation
WARNING: Unmatched cancel notification for request id 11473
2025.01.15 11:01:39 INFO  compiling learn_scala_d5c0a6989e (1 scala source)
2025.01.15 11:01:39 INFO  time: compiled Learn_scala_d5c0a6989e in 0.44s
2025.01.15 11:02:05 INFO  compiling learn_scala_d5c0a6989e (1 scala source)
2025.01.15 11:02:05 INFO  time: compiled Learn_scala_d5c0a6989e in 0.55s
2025.01.15 11:02:17 INFO  compiling learn_scala_d5c0a6989e (1 scala source)
2025.01.15 11:02:17 INFO  time: compiled Learn_scala_d5c0a6989e in 0.41s
2025.01.15 11:04:16 INFO  compiling learn_scala_d5c0a6989e (1 scala source)
2025.01.15 11:04:16 INFO  time: compiled Learn_scala_d5c0a6989e in 0.45s
Jan 15, 2025 11:19:15 AM org.eclipse.lsp4j.jsonrpc.RemoteEndpoint handleCancellation
WARNING: Unmatched cancel notification for request id 13444
Jan 15, 2025 11:19:45 AM org.eclipse.lsp4j.jsonrpc.RemoteEndpoint handleCancellation
WARNING: Unmatched cancel notification for request id 13605
2025.01.15 11:30:49 INFO  compiling learn_scala_d5c0a6989e (1 scala source)
2025.01.15 11:30:49 INFO  time: compiled Learn_scala_d5c0a6989e in 0.41s
2025.01.15 11:46:51 INFO  compiling learn_scala_d5c0a6989e (1 scala source)
2025.01.15 11:46:51 INFO  time: compiled Learn_scala_d5c0a6989e in 0.42s
Jan 15, 2025 1:23:58 PM org.eclipse.lsp4j.jsonrpc.RemoteEndpoint handleCancellation
WARNING: Unmatched cancel notification for request id 15351
2025.01.15 13:25:27 INFO  compiling learn_scala_d5c0a6989e (1 scala source)
2025.01.15 13:25:27 INFO  time: compiled Learn_scala_d5c0a6989e in 0.43s
Jan 15, 2025 1:27:01 PM org.eclipse.lsp4j.jsonrpc.RemoteEndpoint handleCancellation
WARNING: Unmatched cancel notification for request id 15737
2025.01.15 13:27:11 INFO  compiling learn_scala_d5c0a6989e (1 scala source)
2025.01.15 13:27:11 INFO  time: compiled Learn_scala_d5c0a6989e in 0.38s
Jan 15, 2025 1:28:40 PM org.eclipse.lsp4j.jsonrpc.RemoteEndpoint handleCancellation
WARNING: Unmatched cancel notification for request id 15938
Jan 15, 2025 1:29:17 PM org.eclipse.lsp4j.jsonrpc.RemoteEndpoint handleCancellation
WARNING: Unmatched cancel notification for request id 16142
2025.01.15 13:29:20 INFO  compiling learn_scala_d5c0a6989e (1 scala source)
2025.01.15 13:29:20 INFO  time: compiled Learn_scala_d5c0a6989e in 0.39s
2025.01.15 13:30:52 INFO  compiling learn_scala_d5c0a6989e (1 scala source)
2025.01.15 13:30:52 INFO  time: compiled Learn_scala_d5c0a6989e in 0.41s
Jan 15, 2025 1:33:26 PM org.eclipse.lsp4j.jsonrpc.RemoteEndpoint handleCancellation
WARNING: Unmatched cancel notification for request id 17209
2025.01.15 13:33:58 INFO  compiling learn_scala_d5c0a6989e (1 scala source)
2025.01.15 13:33:58 INFO  time: compiled Learn_scala_d5c0a6989e in 0.44s
2025.01.15 13:34:04 INFO  compiling learn_scala_d5c0a6989e (1 scala source)
2025.01.15 13:34:04 INFO  time: compiled Learn_scala_d5c0a6989e in 0.26s
2025.01.15 13:34:47 INFO  compiling learn_scala_d5c0a6989e (1 scala source)
2025.01.15 13:34:47 INFO  time: compiled Learn_scala_d5c0a6989e in 0.41s
2025.01.15 13:36:51 INFO  compiling learn_scala_d5c0a6989e (1 scala source)
2025.01.15 13:36:51 INFO  time: compiled Learn_scala_d5c0a6989e in 0.37s
2025.01.15 13:37:59 INFO  compiling learn_scala_d5c0a6989e (1 scala source)
2025.01.15 13:37:59 INFO  time: compiled Learn_scala_d5c0a6989e in 0.38s
2025.01.15 13:38:45 INFO  compiling learn_scala_d5c0a6989e (1 scala source)
2025.01.15 13:38:45 INFO  time: compiled Learn_scala_d5c0a6989e in 0.41s
Jan 15, 2025 1:59:27 PM org.eclipse.lsp4j.jsonrpc.RemoteEndpoint handleCancellation
WARNING: Unmatched cancel notification for request id 19767
Jan 15, 2025 1:59:56 PM org.eclipse.lsp4j.jsonrpc.RemoteEndpoint handleCancellation
WARNING: Unmatched cancel notification for request id 20001
2025.01.15 14:01:59 INFO  compiling learn_scala_d5c0a6989e (1 scala source)
2025.01.15 14:01:59 INFO  time: compiled Learn_scala_d5c0a6989e in 0.43s
Jan 15, 2025 2:02:00 PM org.eclipse.lsp4j.jsonrpc.RemoteEndpoint handleCancellation
WARNING: Unmatched cancel notification for request id 20614
2025.01.15 14:08:51 INFO  compiling learn_scala_d5c0a6989e (1 scala source)
2025.01.15 14:08:51 INFO  time: compiled Learn_scala_d5c0a6989e in 0.41s
2025.01.15 14:11:13 INFO  compiling learn_scala_d5c0a6989e (1 scala source)
2025.01.15 14:11:13 INFO  time: compiled Learn_scala_d5c0a6989e in 0.41s
Jan 15, 2025 2:37:28 PM org.eclipse.lsp4j.jsonrpc.RemoteEndpoint handleCancellation
WARNING: Unmatched cancel notification for request id 23208
Jan 15, 2025 2:37:28 PM org.eclipse.lsp4j.jsonrpc.RemoteEndpoint handleCancellation
WARNING: Unmatched cancel notification for request id 23209
Jan 15, 2025 2:39:08 PM org.eclipse.lsp4j.jsonrpc.RemoteEndpoint handleCancellation
WARNING: Unmatched cancel notification for request id 23631
Jan 15, 2025 2:42:37 PM org.eclipse.lsp4j.jsonrpc.RemoteEndpoint handleCancellation
WARNING: Unmatched cancel notification for request id 24763
2025.01.15 14:42:51 INFO  compiling learn_scala_d5c0a6989e (1 scala source)
2025.01.15 14:42:51 INFO  time: compiled Learn_scala_d5c0a6989e in 0.42s
Jan 15, 2025 2:44:42 PM org.eclipse.lsp4j.jsonrpc.RemoteEndpoint handleCancellation
WARNING: Unmatched cancel notification for request id 25227
2025.01.15 14:46:05 INFO  compiling learn_scala_d5c0a6989e (1 scala source)
2025.01.15 14:46:05 INFO  time: compiled Learn_scala_d5c0a6989e in 0.21s
2025.01.15 14:46:16 INFO  compiling learn_scala_d5c0a6989e (1 scala source)
2025.01.15 14:46:16 INFO  time: compiled Learn_scala_d5c0a6989e in 0.12s
2025.01.15 14:46:46 INFO  compiling learn_scala_d5c0a6989e (1 scala source)
2025.01.15 14:46:46 INFO  time: compiled Learn_scala_d5c0a6989e in 0.44s
2025.01.15 14:48:20 INFO  compiling learn_scala_d5c0a6989e (1 scala source)
2025.01.15 14:48:20 INFO  time: compiled Learn_scala_d5c0a6989e in 0.44s
2025.01.15 14:49:24 INFO  compiling learn_scala_d5c0a6989e (1 scala source)
2025.01.15 14:49:24 INFO  time: compiled Learn_scala_d5c0a6989e in 0.53s
2025.01.15 14:51:03 INFO  compiling learn_scala_d5c0a6989e (1 scala source)
2025.01.15 14:51:03 INFO  time: compiled Learn_scala_d5c0a6989e in 0.47s
Jan 15, 2025 3:01:13 PM org.eclipse.lsp4j.jsonrpc.RemoteEndpoint handleCancellation
WARNING: Unmatched cancel notification for request id 26958
Jan 15, 2025 3:03:16 PM org.eclipse.lsp4j.jsonrpc.RemoteEndpoint handleCancellation
WARNING: Unmatched cancel notification for request id 27335
2025.01.15 15:06:05 INFO  compiling learn_scala_d5c0a6989e (1 scala source)
2025.01.15 15:06:05 INFO  time: compiled Learn_scala_d5c0a6989e in 0.43s
2025.01.15 15:06:21 INFO  compiling learn_scala_d5c0a6989e (1 scala source)
2025.01.15 15:06:21 INFO  time: compiled Learn_scala_d5c0a6989e in 0.32s
2025.01.15 15:11:57 INFO  compiling learn_scala_d5c0a6989e (1 scala source)
2025.01.15 15:11:57 INFO  time: compiled Learn_scala_d5c0a6989e in 0.4s
2025.01.15 15:15:31 INFO  compiling learn_scala_d5c0a6989e (1 scala source)
2025.01.15 15:15:31 INFO  time: compiled Learn_scala_d5c0a6989e in 0.41s
2025.01.15 15:32:55 INFO  compiling learn_scala_d5c0a6989e (1 scala source)
2025.01.15 15:32:55 INFO  time: compiled Learn_scala_d5c0a6989e in 0.42s
Jan 15, 2025 3:34:02 PM org.eclipse.lsp4j.jsonrpc.RemoteEndpoint handleCancellation
WARNING: Unmatched cancel notification for request id 30498
Jan 15, 2025 3:38:43 PM org.eclipse.lsp4j.jsonrpc.RemoteEndpoint handleCancellation
WARNING: Unmatched cancel notification for request id 31990
Jan 15, 2025 3:38:43 PM org.eclipse.lsp4j.jsonrpc.RemoteEndpoint handleCancellation
WARNING: Unmatched cancel notification for request id 31999
Jan 15, 2025 3:38:43 PM org.eclipse.lsp4j.jsonrpc.RemoteEndpoint handleCancellation
WARNING: Unmatched cancel notification for request id 32002
Jan 15, 2025 3:38:43 PM org.eclipse.lsp4j.jsonrpc.RemoteEndpoint handleCancellation
WARNING: Unmatched cancel notification for request id 32004
2025.01.15 15:39:15 INFO  compiling learn_scala_d5c0a6989e (1 scala source)
2025.01.15 15:39:15 INFO  time: compiled Learn_scala_d5c0a6989e in 0.37s
2025.01.15 15:54:49 INFO  compiling learn_scala_d5c0a6989e (1 scala source)
2025.01.15 15:54:49 INFO  time: compiled Learn_scala_d5c0a6989e in 0.39s
Jan 15, 2025 3:58:33 PM org.eclipse.lsp4j.jsonrpc.RemoteEndpoint handleCancellation
WARNING: Unmatched cancel notification for request id 33950
2025.01.15 15:59:29 INFO  compiling learn_scala_d5c0a6989e (1 scala source)
2025.01.15 15:59:29 INFO  time: compiled Learn_scala_d5c0a6989e in 0.4s
2025.01.15 16:01:57 INFO  compiling learn_scala_d5c0a6989e (1 scala source)
2025.01.15 16:01:57 INFO  time: compiled Learn_scala_d5c0a6989e in 0.2s
2025.01.15 16:02:11 INFO  compiling learn_scala_d5c0a6989e (1 scala source)
2025.01.15 16:02:11 INFO  time: compiled Learn_scala_d5c0a6989e in 0.11s
2025.01.15 16:02:29 INFO  compiling learn_scala_d5c0a6989e (1 scala source)
2025.01.15 16:02:29 INFO  time: compiled Learn_scala_d5c0a6989e in 0.34s
2025.01.15 16:03:17 INFO  compiling learn_scala_d5c0a6989e (1 scala source)
2025.01.15 16:03:17 INFO  time: compiled Learn_scala_d5c0a6989e in 0.38s
2025.01.15 16:03:44 INFO  compiling learn_scala_d5c0a6989e (1 scala source)
2025.01.15 16:03:44 INFO  time: compiled Learn_scala_d5c0a6989e in 0.33s
Jan 15, 2025 4:04:50 PM org.eclipse.lsp4j.jsonrpc.RemoteEndpoint handleCancellation
WARNING: Unmatched cancel notification for request id 35813
2025.01.15 16:05:25 INFO  compiling learn_scala_d5c0a6989e (1 scala source)
2025.01.15 16:05:25 INFO  time: compiled Learn_scala_d5c0a6989e in 0.4s
2025.01.15 16:06:52 INFO  compiling learn_scala_d5c0a6989e (1 scala source)
2025.01.15 16:06:52 INFO  time: compiled Learn_scala_d5c0a6989e in 0.4s
2025.01.15 16:07:18 INFO  compiling learn_scala_d5c0a6989e (1 scala source)
2025.01.15 16:07:18 INFO  time: compiled Learn_scala_d5c0a6989e in 0.31s
Jan 15, 2025 4:15:39 PM org.eclipse.lsp4j.jsonrpc.RemoteEndpoint handleCancellation
WARNING: Unmatched cancel notification for request id 37803
2025.01.15 16:18:41 INFO  compiling learn_scala_d5c0a6989e (1 scala source)
2025.01.15 16:18:41 INFO  time: compiled Learn_scala_d5c0a6989e in 0.4s
2025.01.15 16:22:19 INFO  compiling learn_scala_d5c0a6989e (1 scala source)
2025.01.15 16:22:19 INFO  time: compiled Learn_scala_d5c0a6989e in 0.4s
2025.01.15 16:26:16 INFO  compiling learn_scala_d5c0a6989e (1 scala source)
2025.01.15 16:26:16 INFO  time: compiled Learn_scala_d5c0a6989e in 0.41s
Jan 15, 2025 4:39:27 PM org.eclipse.lsp4j.jsonrpc.RemoteEndpoint handleCancellation
WARNING: Unmatched cancel notification for request id 39341
Jan 15, 2025 4:39:35 PM org.eclipse.lsp4j.jsonrpc.RemoteEndpoint handleCancellation
WARNING: Unmatched cancel notification for request id 39427
2025.01.15 16:40:09 INFO  compiling learn_scala_d5c0a6989e (1 scala source)
2025.01.15 16:40:09 INFO  time: compiled Learn_scala_d5c0a6989e in 0.38s
Jan 15, 2025 4:40:47 PM org.eclipse.lsp4j.jsonrpc.RemoteEndpoint handleCancellation
WARNING: Unmatched cancel notification for request id 39842
2025.01.15 16:45:27 INFO  compiling learn_scala_d5c0a6989e (1 scala source)
2025.01.15 16:45:27 INFO  time: compiled Learn_scala_d5c0a6989e in 0.41s
Jan 15, 2025 4:45:42 PM org.eclipse.lsp4j.jsonrpc.RemoteEndpoint handleCancellation
WARNING: Unmatched cancel notification for request id 40818
Jan 15, 2025 4:45:51 PM org.eclipse.lsp4j.jsonrpc.RemoteEndpoint handleCancellation
WARNING: Unmatched cancel notification for request id 40909
2025.01.15 16:47:11 INFO  compiling learn_scala_d5c0a6989e (1 scala source)
2025.01.15 16:47:11 INFO  time: compiled Learn_scala_d5c0a6989e in 0.45s
2025.01.15 16:47:45 INFO  compiling learn_scala_d5c0a6989e (1 scala source)
2025.01.15 16:47:45 INFO  time: compiled Learn_scala_d5c0a6989e in 0.36s
2025.01.15 16:53:25 INFO  compiling learn_scala_d5c0a6989e (1 scala source)
2025.01.15 16:53:25 INFO  time: compiled Learn_scala_d5c0a6989e in 0.35s
2025.01.15 16:54:40 INFO  compiling learn_scala_d5c0a6989e (1 scala source)
2025.01.15 16:54:40 INFO  time: compiled Learn_scala_d5c0a6989e in 0.37s
2025.01.15 17:03:36 INFO  compiling learn_scala_d5c0a6989e (1 scala source)
2025.01.15 17:03:36 INFO  time: compiled Learn_scala_d5c0a6989e in 0.41s
Jan 15, 2025 5:38:12 PM org.eclipse.lsp4j.jsonrpc.RemoteEndpoint handleCancellation
WARNING: Unmatched cancel notification for request id 44492
Jan 15, 2025 5:38:47 PM org.eclipse.lsp4j.jsonrpc.RemoteEndpoint handleCancellation
WARNING: Unmatched cancel notification for request id 44754
2025.01.15 17:39:52 INFO  compiling learn_scala_d5c0a6989e (1 scala source)
2025.01.15 17:39:52 INFO  time: compiled Learn_scala_d5c0a6989e in 0.39s
Jan 15, 2025 5:41:34 PM org.eclipse.lsp4j.jsonrpc.RemoteEndpoint handleCancellation
WARNING: Unmatched cancel notification for request id 45367
2025.01.15 17:42:27 INFO  compiling learn_scala_d5c0a6989e (1 scala source)
2025.01.15 17:42:27 INFO  time: compiled Learn_scala_d5c0a6989e in 0.39s
2025.01.15 17:42:43 INFO  compiling learn_scala_d5c0a6989e (1 scala source)
2025.01.15 17:42:43 INFO  time: compiled Learn_scala_d5c0a6989e in 0.27s
Jan 15, 2025 5:43:28 PM org.eclipse.lsp4j.jsonrpc.RemoteEndpoint handleCancellation
WARNING: Unmatched cancel notification for request id 45925
2025.01.15 17:44:23 INFO  compiling learn_scala_d5c0a6989e (1 scala source)
2025.01.15 17:44:23 INFO  time: compiled Learn_scala_d5c0a6989e in 0.4s
2025.01.15 17:45:13 INFO  compiling learn_scala_d5c0a6989e (1 scala source)
2025.01.15 17:45:13 INFO  time: compiled Learn_scala_d5c0a6989e in 0.38s
2025.01.15 17:46:00 INFO  compiling learn_scala_d5c0a6989e (1 scala source)
2025.01.15 17:46:00 INFO  time: compiled Learn_scala_d5c0a6989e in 0.37s
2025.01.15 17:46:07 INFO  compiling learn_scala_d5c0a6989e (1 scala source)
2025.01.15 17:46:07 INFO  time: compiled Learn_scala_d5c0a6989e in 0.25s
2025.01.15 17:46:22 INFO  compiling learn_scala_d5c0a6989e (1 scala source)
2025.01.15 17:46:22 INFO  time: compiled Learn_scala_d5c0a6989e in 0.11s
2025.01.15 17:46:24 INFO  compiling learn_scala_d5c0a6989e (1 scala source)
2025.01.15 17:46:24 INFO  time: compiled Learn_scala_d5c0a6989e in 0.28s
2025.01.15 17:49:44 INFO  compiling learn_scala_d5c0a6989e (1 scala source)
2025.01.15 17:49:44 INFO  time: compiled Learn_scala_d5c0a6989e in 0.38s
2025.01.15 17:50:34 INFO  compiling learn_scala_d5c0a6989e (1 scala source)
2025.01.15 17:50:34 INFO  time: compiled Learn_scala_d5c0a6989e in 0.36s
2025.01.15 17:50:37 INFO  compiling learn_scala_d5c0a6989e (1 scala source)
2025.01.15 17:50:37 INFO  time: compiled Learn_scala_d5c0a6989e in 0.38s
Jan 15, 2025 5:52:24 PM org.eclipse.lsp4j.jsonrpc.RemoteEndpoint handleCancellation
WARNING: Unmatched cancel notification for request id 47269
Jan 15, 2025 5:52:43 PM org.eclipse.lsp4j.jsonrpc.RemoteEndpoint handleCancellation
WARNING: Unmatched cancel notification for request id 47470
2025.01.15 17:52:54 INFO  compiling learn_scala_d5c0a6989e (1 scala source)
2025.01.15 17:52:54 INFO  time: compiled Learn_scala_d5c0a6989e in 0.17s
2025.01.15 17:53:07 INFO  compiling learn_scala_d5c0a6989e (1 scala source)
2025.01.15 17:53:07 INFO  time: compiled Learn_scala_d5c0a6989e in 0.11s
2025.01.15 17:53:27 INFO  compiling learn_scala_d5c0a6989e (1 scala source)
2025.01.15 17:53:27 INFO  time: compiled Learn_scala_d5c0a6989e in 0.12s
2025.01.15 17:53:38 INFO  compiling learn_scala_d5c0a6989e (1 scala source)
2025.01.15 17:53:38 INFO  time: compiled Learn_scala_d5c0a6989e in 0.29s
2025.01.15 17:54:03 INFO  compiling learn_scala_d5c0a6989e (1 scala source)
2025.01.15 17:54:03 INFO  time: compiled Learn_scala_d5c0a6989e in 0.24s
2025.01.15 17:54:28 INFO  compiling learn_scala_d5c0a6989e (1 scala source)
2025.01.15 17:54:28 INFO  time: compiled Learn_scala_d5c0a6989e in 0.26s
2025.01.15 17:54:34 INFO  compiling learn_scala_d5c0a6989e (1 scala source)
2025.01.15 17:54:34 INFO  time: compiled Learn_scala_d5c0a6989e in 0.11s
2025.01.15 17:54:39 INFO  time: compiled Learn_scala_d5c0a6989e in 11ms
Jan 15, 2025 5:56:08 PM org.eclipse.lsp4j.jsonrpc.RemoteEndpoint handleCancellation
WARNING: Unmatched cancel notification for request id 47860
2025.01.15 17:59:15 INFO  compiling learn_scala_d5c0a6989e (1 scala source)
2025.01.15 17:59:15 INFO  time: compiled Learn_scala_d5c0a6989e in 0.36s
2025.01.15 18:03:37 INFO  compiling learn_scala_d5c0a6989e (1 scala source)
2025.01.15 18:03:37 INFO  time: compiled Learn_scala_d5c0a6989e in 0.37s
2025.01.16 09:28:23 INFO  compiling learn_scala_d5c0a6989e (1 scala source)
2025.01.16 09:28:23 INFO  time: compiled Learn_scala_d5c0a6989e in 0.35s
2025.01.16 09:35:55 INFO  compiling learn_scala_d5c0a6989e (1 scala source)
2025.01.16 09:35:55 INFO  time: compiled Learn_scala_d5c0a6989e in 0.17s
Jan 16, 2025 9:37:28 AM org.eclipse.lsp4j.jsonrpc.RemoteEndpoint handleCancellation
WARNING: Unmatched cancel notification for request id 49239
2025.01.16 09:37:59 INFO  compiling learn_scala_d5c0a6989e (1 scala source)
2025.01.16 09:37:59 INFO  time: compiled Learn_scala_d5c0a6989e in 0.18s
2025.01.16 09:44:15 INFO  compiling learn_scala_d5c0a6989e (1 scala source)
2025.01.16 09:44:15 INFO  time: compiled Learn_scala_d5c0a6989e in 0.17s
2025.01.16 09:45:07 INFO  compiling learn_scala_d5c0a6989e (1 scala source)
2025.01.16 09:45:07 INFO  time: compiled Learn_scala_d5c0a6989e in 0.38s
2025.01.16 09:48:35 INFO  compiling learn_scala_d5c0a6989e (1 scala source)
2025.01.16 09:48:35 INFO  time: compiled Learn_scala_d5c0a6989e in 0.35s
2025.01.16 10:10:25 INFO  compiling learn_scala_d5c0a6989e (1 scala source)
2025.01.16 10:10:25 INFO  time: compiled Learn_scala_d5c0a6989e in 0.37s
Jan 16, 2025 10:12:01 AM org.eclipse.lsp4j.jsonrpc.RemoteEndpoint handleCancellation
WARNING: Unmatched cancel notification for request id 51018
2025.01.16 10:12:15 INFO  compiling learn_scala_d5c0a6989e (1 scala source)
2025.01.16 10:12:15 INFO  time: compiled Learn_scala_d5c0a6989e in 0.34s
2025.01.16 10:12:29 INFO  compiling learn_scala_d5c0a6989e (1 scala source)
2025.01.16 10:12:29 INFO  time: compiled Learn_scala_d5c0a6989e in 0.27s
2025.01.16 10:14:52 INFO  compiling learn_scala_d5c0a6989e (1 scala source)
2025.01.16 10:14:52 INFO  time: compiled Learn_scala_d5c0a6989e in 0.38s
2025.01.16 10:15:36 INFO  compiling learn_scala_d5c0a6989e (1 scala source)
2025.01.16 10:15:36 INFO  time: compiled Learn_scala_d5c0a6989e in 0.36s
Jan 16, 2025 11:36:49 AM org.eclipse.lsp4j.jsonrpc.RemoteEndpoint handleCancellation
WARNING: Unmatched cancel notification for request id 52659
Jan 16, 2025 11:36:58 AM org.eclipse.lsp4j.jsonrpc.RemoteEndpoint handleCancellation
WARNING: Unmatched cancel notification for request id 52763
Jan 16, 2025 11:37:39 AM org.eclipse.lsp4j.jsonrpc.RemoteEndpoint handleCancellation
WARNING: Unmatched cancel notification for request id 53077
2025.01.16 11:42:21 INFO  compiling learn_scala_d5c0a6989e (1 scala source)
2025.01.16 11:42:21 INFO  time: compiled Learn_scala_d5c0a6989e in 0.37s
Jan 16, 2025 3:05:25 PM org.eclipse.lsp4j.jsonrpc.RemoteEndpoint handleCancellation
WARNING: Unmatched cancel notification for request id 55387
2025.01.16 15:13:30 WARN  Could not load snapshot text for /home/yjx/Mystudy/yjx_learn/Learn_scala/MyPractise/summary/ex1/ex1.scala
2025.01.16 15:13:30 WARN  Could not load snapshot text for /home/yjx/Mystudy/yjx_learn/Learn_scala/MyPractise/summary/ex1/ex1.scala
2025.01.16 15:13:30 INFO  compiling learn_scala_d5c0a6989e (1 scala source)
2025.01.16 15:13:30 INFO  time: compiled Learn_scala_d5c0a6989e in 0.36s
Jan 16, 2025 3:50:09 PM org.eclipse.lsp4j.jsonrpc.RemoteEndpoint handleCancellation
WARNING: Unmatched cancel notification for request id 56615
Jan 16, 2025 3:52:36 PM org.eclipse.lsp4j.jsonrpc.RemoteEndpoint handleCancellation
WARNING: Unmatched cancel notification for request id 57493
Jan 16, 2025 3:53:56 PM org.eclipse.lsp4j.jsonrpc.RemoteEndpoint handleCancellation
WARNING: Unmatched cancel notification for request id 57791
Jan 16, 2025 3:54:04 PM org.eclipse.lsp4j.jsonrpc.RemoteEndpoint handleCancellation
WARNING: Unmatched cancel notification for request id 57840
2025.01.16 15:55:24 INFO  compiling learn_scala_d5c0a6989e (1 scala source)
2025.01.16 15:55:24 INFO  time: compiled Learn_scala_d5c0a6989e in 0.36s
2025.01.16 15:57:00 INFO  compiling learn_scala_d5c0a6989e (1 scala source)
2025.01.16 15:57:00 INFO  time: compiled Learn_scala_d5c0a6989e in 0.34s
